<?xml version="1.0" encoding="UTF-8" ?>
<testsuite tests="5" failures="5" name="TestSuite" time="6.047" errors="0" skipped="0">
  <properties>
[...]
</properties>
  <testcase classname="pageobject.test.CalendarTest" name="createResourceScheduleSession" time="2.571">
    <failure type="java.lang.ExceptionInInitializerError">java.lang.ExceptionInInitializerError
	at service.UserCreator.withCredentialsFromProperty(UserCreator.java:10)
	at pageobject.test.CalendarTest.createResourceScheduleSession(CalendarTest.java:16)
Caused by: java.lang.NullPointerException
	at java.base/java.util.ResourceBundle$CacheKey.hashCode(ResourceBundle.java:744)
	at java.base/java.util.concurrent.ConcurrentHashMap.get(ConcurrentHashMap.java:936)
	at java.base/java.util.ResourceBundle.getBundleImpl(ResourceBundle.java:1629)
	at java.base/java.util.ResourceBundle.getBundleImpl(ResourceBundle.java:1593)
	at java.base/java.util.ResourceBundle.getBundleImpl(ResourceBundle.java:1556)
	at java.base/java.util.ResourceBundle.getBundle(ResourceBundle.java:857)
	at service.TestDataReader.&lt;clinit&gt;(TestDataReader.java:4)
	... 37 more
</failure>
    <system-out>Configuring TestNG with: org.apache.maven.surefire.testng.conf.TestNG652Configurator@77f03bb1
</system-out>
    <system-err>ERROR StatusLogger No Log4j 2 configuration file found. Using default configuration (logging only errors to the console), or user programmatically provided configurations. Set system property &apos;log4j2.debug&apos; to show Log4j 2 internal initialization logging. See https://logging.apache.org/log4j/2.x/manual/configuration.html for instructions on how to configure Log4j 2
SLF4J: Failed to load class &quot;org.slf4j.impl.StaticLoggerBinder&quot;.
SLF4J: Defaulting to no-operation (NOP) logger implementation
SLF4J: See http://www.slf4j.org/codes.html#StaticLoggerBinder for further details.
нояб. 03, 2019 11:34:46 PM org.openqa.selenium.remote.DesiredCapabilities chrome
INFO: Using `new ChromeOptions()` is preferred to `DesiredCapabilities.chrome()`
Starting ChromeDriver 78.0.3904.70 (edb9c9f3de0247fd912a77b7f6cae7447f6d3ad5-refs/branch-heads/3904@{#800}) on port 9801
Only local connections are allowed.
Please protect ports used by ChromeDriver and related test frameworks to prevent access by malicious code.
[1572813289.827][WARNING]: Timed out connecting to Chrome, retrying...
нояб. 03, 2019 11:34:51 PM org.openqa.selenium.remote.ProtocolHandshake createSession
INFO: Detected dialect: W3C
[1572813293.904][WARNING]: Timed out connecting to Chrome, retrying...
</system-err>
  </testcase>
  <testcase classname="pageobject.test.CalendarTest" name="dragAndDropResource" time="2.47">
    <failure message="Could not initialize class service.TestDataReader" type="java.lang.NoClassDefFoundError">java.lang.NoClassDefFoundError: Could not initialize class service.TestDataReader
	at service.UserCreator.withCredentialsFromProperty(UserCreator.java:10)
	at pageobject.test.CalendarTest.dragAndDropResource(CalendarTest.java:30)
</failure>
    <system-err>нояб. 03, 2019 11:34:59 PM org.openqa.selenium.remote.DesiredCapabilities chrome
INFO: Using `new ChromeOptions()` is preferred to `DesiredCapabilities.chrome()`
Starting ChromeDriver 78.0.3904.70 (edb9c9f3de0247fd912a77b7f6cae7447f6d3ad5-refs/branch-heads/3904@{#800}) on port 14458
Only local connections are allowed.
Please protect ports used by ChromeDriver and related test frameworks to prevent access by malicious code.
[1572813302.524][WARNING]: Timed out connecting to Chrome, retrying...
нояб. 03, 2019 11:35:04 PM org.openqa.selenium.remote.ProtocolHandshake createSession
INFO: Detected dialect: W3C
[1572813306.572][WARNING]: Timed out connecting to Chrome, retrying...
</system-err>
  </testcase>
  <testcase classname="pageobject.test.CreateCaseTest" name="completeChecklist" time="0.328">
    <failure message="Could not initialize class service.TestDataReader" type="java.lang.NoClassDefFoundError">java.lang.NoClassDefFoundError: Could not initialize class service.TestDataReader
	at service.UserCreator.withCredentialsFromProperty(UserCreator.java:10)
	at pageobject.test.CreateCaseTest.createCase(CreateCaseTest.java:21)
	at pageobject.test.CreateCaseTest.completeChecklist(CreateCaseTest.java:37)
</failure>
    <system-err>нояб. 03, 2019 11:35:11 PM org.openqa.selenium.remote.DesiredCapabilities chrome
INFO: Using `new ChromeOptions()` is preferred to `DesiredCapabilities.chrome()`
Starting ChromeDriver 78.0.3904.70 (edb9c9f3de0247fd912a77b7f6cae7447f6d3ad5-refs/branch-heads/3904@{#800}) on port 39468
Only local connections are allowed.
Please protect ports used by ChromeDriver and related test frameworks to prevent access by malicious code.
[1572813315.011][WARNING]: Timed out connecting to Chrome, retrying...
нояб. 03, 2019 11:35:17 PM org.openqa.selenium.remote.ProtocolHandshake createSession
INFO: Detected dialect: W3C
[1572813319.045][WARNING]: Timed out connecting to Chrome, retrying...
</system-err>
  </testcase>
  <testcase classname="pageobject.test.CreateCaseTest" name="createAndSearchCase" time="0.333">
    <failure message="Could not initialize class service.TestDataReader" type="java.lang.NoClassDefFoundError">java.lang.NoClassDefFoundError: Could not initialize class service.TestDataReader
	at service.UserCreator.withCredentialsFromProperty(UserCreator.java:10)
	at pageobject.test.CreateCaseTest.createCase(CreateCaseTest.java:21)
	at pageobject.test.CreateCaseTest.createAndSearchCase(CreateCaseTest.java:28)
</failure>
    <system-err>нояб. 03, 2019 11:35:22 PM org.openqa.selenium.remote.DesiredCapabilities chrome
INFO: Using `new ChromeOptions()` is preferred to `DesiredCapabilities.chrome()`
Starting ChromeDriver 78.0.3904.70 (edb9c9f3de0247fd912a77b7f6cae7447f6d3ad5-refs/branch-heads/3904@{#800}) on port 21803
Only local connections are allowed.
Please protect ports used by ChromeDriver and related test frameworks to prevent access by malicious code.
[1572813325.352][WARNING]: Timed out connecting to Chrome, retrying...
нояб. 03, 2019 11:35:27 PM org.openqa.selenium.remote.ProtocolHandshake createSession
INFO: Detected dialect: W3C
[1572813329.408][WARNING]: Timed out connecting to Chrome, retrying...
</system-err>
  </testcase>
  <testcase classname="pageobject.test.CreateCaseTest" name="createCase" time="0.345">
    <failure message="Could not initialize class service.TestDataReader" type="java.lang.NoClassDefFoundError">java.lang.NoClassDefFoundError: Could not initialize class service.TestDataReader
	at service.UserCreator.withCredentialsFromProperty(UserCreator.java:10)
	at pageobject.test.CreateCaseTest.createCase(CreateCaseTest.java:21)
</failure>
    <system-err>нояб. 03, 2019 11:35:32 PM org.openqa.selenium.remote.DesiredCapabilities chrome
INFO: Using `new ChromeOptions()` is preferred to `DesiredCapabilities.chrome()`
Starting ChromeDriver 78.0.3904.70 (edb9c9f3de0247fd912a77b7f6cae7447f6d3ad5-refs/branch-heads/3904@{#800}) on port 18234
Only local connections are allowed.
Please protect ports used by ChromeDriver and related test frameworks to prevent access by malicious code.
[1572813335.712][WARNING]: Timed out connecting to Chrome, retrying...
нояб. 03, 2019 11:35:37 PM org.openqa.selenium.remote.ProtocolHandshake createSession
INFO: Detected dialect: W3C
[1572813339.758][WARNING]: Timed out connecting to Chrome, retrying...
</system-err>
  </testcase>
</testsuite>